[13:57:05.050 I] Binding to address 192.168.190.128:6665
[13:57:05.055 D] IoRunner: starting
[13:57:05.057 D] IoRunner: thread 0 started
[13:57:05.057 I] RequestProcessor: registered handler 0x7fffffffd7d0 for stop
[13:57:05.058 I] RequestProcessor: registered handler 0x7fffffffd7d0 for version
[13:57:05.059 I] RequestProcessor: registered handler 0x7fffffffd9b0 for list_processes
[13:57:05.059 D] TcpServer: starting
[13:57:13.072 D] TcpServer: connection accepted
[13:57:13.073 D] TcpServer: session 0 created
[13:57:13.074 I] RequestProcessor: session 0 started
[13:57:13.076 D] TcpServer: session 0 started with [192.168.190.1]
[13:57:13.076 D] TcpServer: received  28 bytes
[13:57:13.080 D] 
-> {"request":"list_processes"}

[13:57:13.081 D] Failed to read exe link for process 1: 13
[13:57:13.082 D] Failed to read exe link for process 2: 13
[13:57:13.083 D] Failed to read exe link for process 3: 13
[13:57:13.083 D] Failed to read exe link for process 4: 13
[13:57:13.084 D] Failed to read exe link for process 5: 13
[13:57:13.085 D] Failed to read exe link for process 6: 13
[13:57:13.086 D] Failed to read exe link for process 8: 13
[13:57:13.086 D] Failed to read exe link for process 10: 13
[13:57:13.088 D] Failed to read exe link for process 11: 13
[13:57:13.089 D] Failed to read exe link for process 12: 13
[13:57:13.090 D] Failed to read exe link for process 13: 13
[13:57:13.091 D] Failed to read exe link for process 14: 13
[13:57:13.091 D] Failed to read exe link for process 15: 13
[13:57:13.092 D] Failed to read exe link for process 16: 13
[13:57:13.093 D] Failed to read exe link for process 18: 13
[13:57:13.093 D] Failed to read exe link for process 19: 13
[13:57:13.094 D] Failed to read exe link for process 20: 13
[13:57:13.095 D] Failed to read exe link for process 21: 13
[13:57:13.095 D] Failed to read exe link for process 23: 13
[13:57:13.096 D] Failed to read exe link for process 24: 13
[13:57:13.097 D] Failed to read exe link for process 25: 13
[13:57:13.097 D] Failed to read exe link for process 26: 13
[13:57:13.098 D] Failed to read exe link for process 28: 13
[13:57:13.098 D] Failed to read exe link for process 29: 13
[13:57:13.099 D] Failed to read exe link for process 30: 13
[13:57:13.099 D] Failed to read exe link for process 31: 13
[13:57:13.100 D] Failed to read exe link for process 33: 13
[13:57:13.100 D] Failed to read exe link for process 38: 13
[13:57:13.101 D] Failed to read exe link for process 39: 13
[13:57:13.101 D] Failed to read exe link for process 40: 13
[13:57:13.102 D] Failed to read exe link for process 44: 13
[13:57:13.102 D] Failed to read exe link for process 45: 13
[13:57:13.103 D] Failed to read exe link for process 46: 13
[13:57:13.103 D] Failed to read exe link for process 47: 13
[13:57:13.104 D] Failed to read exe link for process 48: 13
[13:57:13.105 D] Failed to read exe link for process 49: 13
[13:57:13.105 D] Failed to read exe link for process 50: 13
[13:57:13.106 D] Failed to read exe link for process 51: 13
[13:57:13.106 D] Failed to read exe link for process 52: 13
[13:57:13.107 D] Failed to read exe link for process 53: 13
[13:57:13.108 D] Failed to read exe link for process 54: 13
[13:57:13.108 D] Failed to read exe link for process 57: 13
[13:57:13.109 D] Failed to read exe link for process 58: 13
[13:57:13.110 D] Failed to read exe link for process 64: 13
[13:57:13.110 D] Failed to read exe link for process 66: 13
[13:57:13.111 D] Failed to read exe link for process 67: 13
[13:57:13.112 D] Failed to read exe link for process 68: 13
[13:57:13.113 D] Failed to read exe link for process 69: 13
[13:57:13.113 D] Failed to read exe link for process 70: 13
[13:57:13.114 D] Failed to read exe link for process 71: 13
[13:57:13.115 D] Failed to read exe link for process 72: 13
[13:57:13.116 D] Failed to read exe link for process 73: 13
[13:57:13.118 D] Failed to read exe link for process 74: 13
[13:57:13.119 D] Failed to read exe link for process 75: 13
[13:57:13.120 D] Failed to read exe link for process 76: 13
[13:57:13.120 D] Failed to read exe link for process 77: 13
[13:57:13.121 D] Failed to read exe link for process 78: 13
[13:57:13.122 D] Failed to read exe link for process 79: 13
[13:57:13.123 D] Failed to read exe link for process 80: 13
[13:57:13.123 D] Failed to read exe link for process 81: 13
[13:57:13.124 D] Failed to read exe link for process 82: 13
[13:57:13.125 D] Failed to read exe link for process 83: 13
[13:57:13.126 D] Failed to read exe link for process 84: 13
[13:57:13.126 D] Failed to read exe link for process 85: 13
[13:57:13.127 D] Failed to read exe link for process 86: 13
[13:57:13.127 D] Failed to read exe link for process 87: 13
[13:57:13.128 D] Failed to read exe link for process 88: 13
[13:57:13.129 D] Failed to read exe link for process 89: 13
[13:57:13.130 D] Failed to read exe link for process 90: 13
[13:57:13.130 D] Failed to read exe link for process 91: 13
[13:57:13.131 D] Failed to read exe link for process 92: 13
[13:57:13.132 D] Failed to read exe link for process 93: 13
[13:57:13.132 D] Failed to read exe link for process 94: 13
[13:57:13.133 D] Failed to read exe link for process 95: 13
[13:57:13.134 D] Failed to read exe link for process 96: 13
[13:57:13.135 D] Failed to read exe link for process 97: 13
[13:57:13.135 D] Failed to read exe link for process 98: 13
[13:57:13.137 D] Failed to read exe link for process 99: 13
[13:57:13.138 D] Failed to read exe link for process 100: 13
[13:57:13.138 D] Failed to read exe link for process 101: 13
[13:57:13.139 D] Failed to read exe link for process 102: 13
[13:57:13.140 D] Failed to read exe link for process 107: 13
[13:57:13.140 D] Failed to read exe link for process 109: 13
[13:57:13.142 D] Failed to read exe link for process 110: 13
[13:57:13.143 D] Failed to read exe link for process 146: 13
[13:57:13.144 D] Failed to read exe link for process 170: 13
[13:57:13.144 D] Failed to read exe link for process 175: 13
[13:57:13.145 D] Failed to read exe link for process 176: 13
[13:57:13.145 D] Failed to read exe link for process 178: 13
[13:57:13.146 D] Failed to read exe link for process 180: 13
[13:57:13.147 D] Failed to read exe link for process 181: 13
[13:57:13.147 D] Failed to read exe link for process 182: 13
[13:57:13.148 D] Failed to read exe link for process 183: 13
[13:57:13.149 D] Failed to read exe link for process 184: 13
[13:57:13.150 D] Failed to read exe link for process 186: 13
[13:57:13.151 D] Failed to read exe link for process 187: 13
[13:57:13.152 D] Failed to read exe link for process 188: 13
[13:57:13.153 D] Failed to read exe link for process 189: 13
[13:57:13.154 D] Failed to read exe link for process 190: 13
[13:57:13.155 D] Failed to read exe link for process 191: 13
[13:57:13.156 D] Failed to read exe link for process 192: 13
[13:57:13.156 D] Failed to read exe link for process 193: 13
[13:57:13.157 D] Failed to read exe link for process 249: 13
[13:57:13.158 D] Failed to read exe link for process 250: 13
[13:57:13.159 D] Failed to read exe link for process 283: 13
[13:57:13.160 D] Failed to read exe link for process 284: 13
[13:57:13.161 D] Failed to read exe link for process 329: 13
[13:57:13.162 D] Failed to read exe link for process 356: 13
[13:57:13.162 D] Failed to read exe link for process 379: 13
[13:57:13.163 D] Failed to read exe link for process 395: 13
[13:57:13.164 D] Failed to read exe link for process 500: 13
[13:57:13.165 D] Failed to read exe link for process 502: 13
[13:57:13.165 D] Failed to read exe link for process 504: 13
[13:57:13.165 D] Failed to read exe link for process 558: 13
[13:57:13.166 D] Failed to read exe link for process 561: 13
[13:57:13.167 D] Failed to read exe link for process 563: 13
[13:57:13.167 D] Failed to read exe link for process 565: 13
[13:57:13.168 D] Failed to read exe link for process 567: 13
[13:57:13.168 D] Failed to read exe link for process 569: 13
[13:57:13.169 D] Failed to read exe link for process 598: 13
[13:57:13.169 D] Failed to read exe link for process 599: 13
[13:57:13.170 D] Failed to read exe link for process 600: 13
[13:57:13.171 D] Failed to read exe link for process 613: 13
[13:57:13.172 D] Failed to read exe link for process 616: 13
[13:57:13.172 D] Failed to read exe link for process 618: 13
[13:57:13.173 D] Failed to read exe link for process 620: 13
[13:57:13.173 D] Failed to read exe link for process 623: 13
[13:57:13.174 D] Failed to read exe link for process 664: 13
[13:57:13.175 D] Failed to read exe link for process 684: 13
[13:57:13.175 D] Failed to read exe link for process 693: 13
[13:57:13.176 D] Failed to read exe link for process 740: 13
[13:57:13.177 D] Failed to read exe link for process 871: 13
[13:57:13.177 D] Failed to read exe link for process 875: 13
[13:57:13.178 D] Failed to read exe link for process 981: 13
[13:57:13.178 D] Failed to read exe link for process 1091: 13
[13:57:13.179 D] Failed to read exe link for process 1120: 13
[13:57:13.180 D] Failed to read exe link for process 1321: 13
[13:57:13.180 D] Failed to read exe link for process 1324: 13
[13:57:13.182 D] Failed to read exe link for process 1484: 13
[13:57:13.183 D] Failed to read exe link for process 1602: 13
[13:57:13.183 D] Failed to read exe link for process 1615: 13
[13:57:13.186 D] Failed to read exe link for process 1739: 13
[13:57:13.186 D] Failed to read exe link for process 1751: 13
[13:57:13.187 D] Failed to read exe link for process 1802: 13
[13:57:13.188 D] Failed to read exe link for process 1851: 13
[13:57:13.189 D] Failed to read exe link for process 1958: 13
[13:57:13.189 D] Failed to read exe link for process 10224: 13
[13:57:13.190 D] Failed to read exe link for process 43670: 13
[13:57:13.191 D] Failed to read exe link for process 44251: 13
[13:57:13.192 D] Failed to read exe link for process 44295: 13
[13:57:13.193 D] Failed to read exe link for process 45903: 13
[13:57:13.193 D] Failed to read exe link for process 46254: 13
[13:57:13.194 D] Failed to read exe link for process 46594: 13
[13:57:13.195 D] Failed to read exe link for process 46602: 13
[13:57:13.196 D] Failed to read exe link for process 47002: 13
[13:57:13.196 D] Failed to read exe link for process 49171: 13
[13:57:13.197 D] Failed to read exe link for process 49394: 13
[13:57:13.198 D] Failed to read exe link for process 49799: 13
[13:57:13.199 D] Failed to read exe link for process 50483: 13
[13:57:13.199 D] Failed to read exe link for process 50662: 13
[13:57:13.200 D] Failed to read exe link for process 50703: 13
[13:57:13.200 D] Failed to read exe link for process 51103: 13
[13:57:13.201 D] Failed to read exe link for process 51151: 13
[13:57:13.202 D] Failed to read exe link for process 51490: 13
[13:57:13.203 D] Failed to read exe link for process 51807: 13
[13:57:13.203 D] Failed to read exe link for process 51823: 13
[13:57:13.204 D] Failed to read exe link for process 51857: 13
[13:57:13.205 D] Failed to read exe link for process 51858: 13
[13:57:13.207 D] 
<- {"process_list":[{"pid":1,"ppid":0,"pgrp":1,"tpgid":-1,"session":1,"comm":"systemd","ruid":0,"full_comm":"systemd","cmdLine":"/sbin/init"},{"pid":2,"ppid":0,"pgrp":0,"tpgid":-1,"session":0,"comm":"kthreadd","ruid":0,"full_comm":"kthreadd","cmdLine":""},{"pid":3,"ppid":2,"pgrp":0,"tpgid":-1,"session":0,"comm":"rcu_gp","ruid":0,"full_comm":"rcu_gp","cmdLine":""},{"pid":4,"ppid":2,"pgrp":0,"tpgid":-1,"session":0,"comm":"rcu_par_gp","ruid":0,"full_comm":"rcu_par_gp","cmdLine":""},{"pid":5,"ppid":2,"pgrp":0,"tpgid":-1,"session":0,"comm":"slub_flushwq","ruid":0,"full_comm":"slub_flushwq","cmdLine":""},{"pid":6,"ppid":2,"pgrp":0,"tpgid":-1,"session":0,"comm":"netns","ruid":0,"full_comm":"netns","cmdLine":""},{"pid":8,"ppid":2,"pgrp":0,"tpgid":-1,"session":0,"comm":"kworker/0:0H-events_highpri","ruid":0,"full_comm":"kworker/0:0H-events_highpri","cmdLine":""},{"pid":10,"ppid":2,"pgrp":0,"tpgid":-1,"session":0,"comm":"mm_percpu_wq","ruid":0,"full_comm":"mm_percpu_wq","cmdLine":""},{"pid":11,"ppid":2,"pgrp":0,"tpgid":-1,"session":0,"comm":"rcu_tasks_kthread","ruid":0,"full_comm":"rcu_tasks_kthread","cmdLine":""},{"pid":12,"ppid":2,"pgrp":0,"tpgid":-1,"session":0,"comm":"rcu_tasks_rude_kthread","ruid":0,"full_comm":"rcu_tasks_rude_kthread","cmdLine":""},{"pid":13,"ppid":2,"pgrp":0,"tpgid":-1,"session":0,"comm":"rcu_tasks_trace_kthread","ruid":0,"full_comm":"rcu_tasks_trace_kthread","cmdLine":""},{"pid":14,"ppid":2,"pgrp":0,"tpgid":-1,"session":0,"comm":"ksoftirqd/0","ruid":0,"full_comm":"ksoftirqd/0","cmdLine":""},{"pid":15,"ppid":2,"pgrp":0,"tpgid":-1,"session":0,"comm":"rcu_preempt","ruid":0,"full_comm":"rcu_preempt","cmdLine":""},{"pid":16,"ppid":2,"pgrp":0,"tpgid":-1,"session":0,"comm":"migration/0","ruid":0,"full_comm":"migration/0","cmdLine":""},{"pid":18,"ppid":2,"pgrp":0,"tpgid":-1,"session":0,"comm":"cpuhp/0","ruid":0,"full_comm":"cpuhp/0","cmdLine":""},{"pid":19,"ppid":2,"pgrp":0,"tpgid":-1,"session":0,"comm":"cpuhp/1","ruid":0,"full_comm":"cpuhp/1","cmdLine":""},{"pid":20,"ppid":2,"pgrp":0,"tpgid":-1,"session":0,"comm":"migration/1","ruid":0,"full_comm":"migration/1","cmdLine":""},{"pid":21,"ppid":2,"pgrp":0,"tpgid":-1,"session":0,"comm":"ksoftirqd/1","ruid":0,"full_comm":"ksoftirqd/1","cmdLine":""},{"pid":23,"ppid":2,"pgrp":0,"tpgid":-1,"session":0,"comm":"kworker/1:0H-events_highpri","ruid":0,"full_comm":"kworker/1:0H-events_highpri","cmdLine":""},{"pid":24,"ppid":2,"pgrp":0,"tpgid":-1,"session":0,"comm":"cpuhp/2","ruid":0,"full_comm":"cpuhp/2","cmdLine":""},{"pid":25,"ppid":2,"pgrp":0,"tpgid":-1,"session":0,"comm":"migration/2","ruid":0,"full_comm":"migration/2","cmdLine":""},{"pid":26,"ppid":2,"pgrp":0,"tpgid":-1,"session":0,"comm":"ksoftirqd/2","ruid":0,"full_comm":"ksoftirqd/2","cmdLine":""},{"pid":28,"ppid":2,"pgrp":0,"tpgid":-1,"session":0,"comm":"kworker/2:0H-events_highpri","ruid":0,"full_comm":"kworker/2:0H-events_highpri","cmdLine":""},{"pid":29,"ppid":2,"pgrp":0,"tpgid":-1,"session":0,"comm":"cpuhp/3","ruid":0,"full_comm":"cpuhp/3","cmdLine":""},{"pid":30,"ppid":2,"pgrp":0,"tpgid":-1,"session":0,"comm":"migration/3","ruid":0,"full_comm":"migration/3","cmdLine":""},{"pid":31,"ppid":2,"pgrp":0,"tpgid":-1,"session":0,"comm":"ksoftirqd/3","ruid":0,"full_comm":"ksoftirqd/3","cmdLine":""},{"pid":33,"ppid":2,"pgrp":0,"tpgid":-1,"session":0,"comm":"kworker/3:0H-events_highpri","ruid":0,"full_comm":"kworker/3:0H-events_highpri","cmdLine":""},{"pid":38,"ppid":2,"pgrp":0,"tpgid":-1,"session":0,"comm":"kdevtmpfs","ruid":0,"full_comm":"kdevtmpfs","cmdLine":""},{"pid":39,"ppid":2,"pgrp":0,"tpgid":-1,"session":0,"comm":"inet_frag_wq","ruid":0,"full_comm":"inet_frag_wq","cmdLine":""},{"pid":40,"ppid":2,"pgrp":0,"tpgid":-1,"session":0,"comm":"kauditd","ruid":0,"full_comm":"kauditd","cmdLine":""},{"pid":44,"ppid":2,"pgrp":0,"tpgid":-1,"session":0,"comm":"khungtaskd","ruid":0,"full_comm":"khungtaskd","cmdLine":""},{"pid":45,"ppid":2,"pgrp":0,"tpgid":-1,"session":0,"comm":"oom_reaper","ruid":0,"full_comm":"oom_reaper","cmdLine":""},{"pid":46,"ppid":2,"pgrp":0,"tpgid":-1,"session":0,"comm":"writeback","ruid":0,"full_comm":"writeback","cmdLine":""},{"pid":47,"ppid":2,"pgrp":0,"tpgid":-1,"session":0,"comm":"kcompactd0","ruid":0,"full_comm":"kcompactd0","cmdLine":""},{"pid":48,"ppid":2,"pgrp":0,"tpgid":-1,"session":0,"comm":"ksmd","ruid":0,"full_comm":"ksmd","cmdLine":""},{"pid":49,"ppid":2,"pgrp":0,"tpgid":-1,"session":0,"comm":"khugepaged","ruid":0,"full_comm":"khugepaged","cmdLine":""},{"pid":50,"ppid":2,"pgrp":0,"tpgid":-1,"session":0,"comm":"kintegrityd","ruid":0,"full_comm":"kintegrityd","cmdLine":""},{"pid":51,"ppid":2,"pgrp":0,"tpgid":-1,"session":0,"comm":"kblockd","ruid":0,"full_comm":"kblockd","cmdLine":""},{"pid":52,"ppid":2,"pgrp":0,"tpgid":-1,"session":0,"comm":"blkcg_punt_bio","ruid":0,"full_comm":"blkcg_punt_bio","cmdLine":""},{"pid":53,"ppid":2,"pgrp":0,"tpgid":-1,"session":0,"comm":"edac-poller","ruid":0,"full_comm":"edac-poller","cmdLine":""},{"pid":54,"ppid":2,"pgrp":0,"tpgid":-1,"session":0,"comm":"devfreq_wq","ruid":0,"full_comm":"devfreq_wq","cmdLine":""},{"pid":57,"ppid":2,"pgrp":0,"tpgid":-1,"session":0,"comm":"kworker/2:1H-kblockd","ruid":0,"full_comm":"kworker/2:1H-kblockd","cmdLine":""},{"pid":58,"ppid":2,"pgrp":0,"tpgid":-1,"session":0,"comm":"kswapd0","ruid":0,"full_comm":"kswapd0","cmdLine":""},{"pid":64,"ppid":2,"pgrp":0,"tpgid":-1,"session":0,"comm":"kthrotld","ruid":0,"full_comm":"kthrotld","cmdLine":""},{"pid":66,"ppid":2,"pgrp":0,"tpgid":-1,"session":0,"comm":"irq/24-pciehp","ruid":0,"full_comm":"irq/24-pciehp","cmdLine":""},{"pid":67,"ppid":2,"pgrp":0,"tpgid":-1,"session":0,"comm":"irq/25-pciehp","ruid":0,"full_comm":"irq/25-pciehp","cmdLine":""},{"pid":68,"ppid":2,"pgrp":0,"tpgid":-1,"session":0,"comm":"irq/26-pciehp","ruid":0,"full_comm":"irq/26-pciehp","cmdLine":""},{"pid":69,"ppid":2,"pgrp":0,"tpgid":-1,"session":0,"comm":"irq/27-pciehp","ruid":0,"full_comm":"irq/27-pciehp","cmdLine":""},{"pid":70,"ppid":2,"pgrp":0,"tpgid":-1,"session":0,"comm":"irq/28-pciehp","ruid":0,"full_comm":"irq/28-pciehp","cmdLine":""},{"pid":71,"ppid":2,"pgrp":0,"tpgid":-1,"session":0,"comm":"irq/29-pciehp","ruid":0,"full_comm":"irq/29-pciehp","cmdLine":""},{"pid":72,"ppid":2,"pgrp":0,"tpgid":-1,"session":0,"comm":"irq/30-pciehp","ruid":0,"full_comm":"irq/30-pciehp","cmdLine":""},{"pid":73,"ppid":2,"pgrp":0,"tpgid":-1,"session":0,"comm":"irq/31-pciehp","ruid":0,"full_comm":"irq/31-pciehp","cmdLine":""},{"pid":74,"ppid":2,"pgrp":0,"tpgid":-1,"session":0,"comm":"irq/32-pciehp","ruid":0,"full_comm":"irq/32-pciehp","cmdLine":""},{"pid":75,"ppid":2,"pgrp":0,"tpgid":-1,"session":0,"comm":"irq/33-pciehp","ruid":0,"full_comm":"irq/33-pciehp","cmdLine":""},{"pid":76,"ppid":2,"pgrp":0,"tpgid":-1,"session":0,"comm":"irq/34-pciehp","ruid":0,"full_comm":"irq/34-pciehp","cmdLine":""},{"pid":77,"ppid":2,"pgrp":0,"tpgid":-1,"session":0,"comm":"irq/35-pciehp","ruid":0,"full_comm":"irq/35-pciehp","cmdLine":""},{"pid":78,"ppid":2,"pgrp":0,"tpgid":-1,"session":0,"comm":"irq/36-pciehp","ruid":0,"full_comm":"irq/36-pciehp","cmdLine":""},{"pid":79,"ppid":2,"pgrp":0,"tpgid":-1,"session":0,"comm":"irq/37-pciehp","ruid":0,"full_comm":"irq/37-pciehp","cmdLine":""},{"pid":80,"ppid":2,"pgrp":0,"tpgid":-1,"session":0,"comm":"irq/38-pciehp","ruid":0,"full_comm":"irq/38-pciehp","cmdLine":""},{"pid":81,"ppid":2,"pgrp":0,"tpgid":-1,"session":0,"comm":"irq/39-pciehp","ruid":0,"full_comm":"irq/39-pciehp","cmdLine":""},{"pid":82,"ppid":2,"pgrp":0,"tpgid":-1,"session":0,"comm":"irq/40-pciehp","ruid":0,"full_comm":"irq/40-pciehp","cmdLine":""},{"pid":83,"ppid":2,"pgrp":0,"tpgid":-1,"session":0,"comm":"irq/41-pciehp","ruid":0,"full_comm":"irq/41-pciehp","cmdLine":""},{"pid":84,"ppid":2,"pgrp":0,"tpgid":-1,"session":0,"comm":"irq/42-pciehp","ruid":0,"full_comm":"irq/42-pciehp","cmdLine":""},{"pid":85,"ppid":2,"pgrp":0,"tpgid":-1,"session":0,"comm":"irq/43-pciehp","ruid":0,"full_comm":"irq/43-pciehp","cmdLine":""},{"pid":86,"ppid":2,"pgrp":0,"tpgid":-1,"session":0,"comm":"irq/44-pciehp","ruid":0,"full_comm":"irq/44-pciehp","cmdLine":""},{"pid":87,"ppid":2,"pgrp":0,"tpgid":-1,"session":0,"comm":"irq/45-pciehp","ruid":0,"full_comm":"irq/45-pciehp","cmdLine":""},{"pid":88,"ppid":2,"pgrp":0,"tpgid":-1,"session":0,"comm":"irq/46-pciehp","ruid":0,"full_comm":"irq/46-pciehp","cmdLine":""},{"pid":89,"ppid":2,"pgrp":0,"tpgid":-1,"session":0,"comm":"irq/47-pciehp","ruid":0,"full_comm":"irq/47-pciehp","cmdLine":""},{"pid":90,"ppid":2,"pgrp":0,"tpgid":-1,"session":0,"comm":"irq/48-pciehp","ruid":0,"full_comm":"irq/48-pciehp","cmdLine":""},{"pid":91,"ppid":2,"pgrp":0,"tpgid":-1,"session":0,"comm":"irq/49-pciehp","ruid":0,"full_comm":"irq/49-pciehp","cmdLine":""},{"pid":92,"ppid":2,"pgrp":0,"tpgid":-1,"session":0,"comm":"irq/50-pciehp","ruid":0,"full_comm":"irq/50-pciehp","cmdLine":""},{"pid":93,"ppid":2,"pgrp":0,"tpgid":-1,"session":0,"comm":"irq/51-pciehp","ruid":0,"full_comm":"irq/51-pciehp","cmdLine":""},{"pid":94,"ppid":2,"pgrp":0,"tpgid":-1,"session":0,"comm":"irq/52-pciehp","ruid":0,"full_comm":"irq/52-pciehp","cmdLine":""},{"pid":95,"ppid":2,"pgrp":0,"tpgid":-1,"session":0,"comm":"irq/53-pciehp","ruid":0,"full_comm":"irq/53-pciehp","cmdLine":""},{"pid":96,"ppid":2,"pgrp":0,"tpgid":-1,"session":0,"comm":"irq/54-pciehp","ruid":0,"full_comm":"irq/54-pciehp","cmdLine":""},{"pid":97,"ppid":2,"pgrp":0,"tpgid":-1,"session":0,"comm":"irq/55-pciehp","ruid":0,"full_comm":"irq/55-pciehp","cmdLine":""},{"pid":98,"ppid":2,"pgrp":0,"tpgid":-1,"session":0,"comm":"acpi_thermal_pm","ruid":0,"full_comm":"acpi_thermal_pm","cmdLine":""},{"pid":99,"ppid":2,"pgrp":0,"tpgid":-1,"session":0,"comm":"xenbus_probe","ruid":0,"full_comm":"xenbus_probe","cmdLine":""},{"pid":100,"ppid":2,"pgrp":0,"tpgid":-1,"session":0,"comm":"mld","ruid":0,"full_comm":"mld","cmdLine":""},{"pid":101,"ppid":2,"pgrp":0,"tpgid":-1,"session":0,"comm":"kworker/1:1H-kblockd","ruid":0,"full_comm":"kworker/1:1H-kblockd","cmdLine":""},{"pid":102,"ppid":2,"pgrp":0,"tpgid":-1,"session":0,"comm":"ipv6_addrconf","ruid":0,"full_comm":"ipv6_addrconf","cmdLine":""},{"pid":107,"ppid":2,"pgrp":0,"tpgid":-1,"session":0,"comm":"kstrp","ruid":0,"full_comm":"kstrp","cmdLine":""},{"pid":109,"ppid":2,"pgrp":0,"tpgid":-1,"session":0,"comm":"zswap-shrink","ruid":0,"full_comm":"zswap-shrink","cmdLine":""},{"pid":110,"ppid":2,"pgrp":0,"tpgid":-1,"session":0,"comm":"kworker/u257:0-hci0","ruid":0,"full_comm":"kworker/u257:0-hci0","cmdLine":""},{"pid":146,"ppid":2,"pgrp":0,"tpgid":-1,"session":0,"comm":"kworker/0:1H-kblockd","ruid":0,"full_comm":"kworker/0:1H-kblockd","cmdLine":""},{"pid":170,"ppid":2,"pgrp":0,"tpgid":-1,"session":0,"comm":"kworker/3:1H-kblockd","ruid":0,"full_comm":"kworker/3:1H-kblockd","cmdLine":""},{"pid":175,"ppid":2,"pgrp":0,"tpgid":-1,"session":0,"comm":"mpt_poll_0","ruid":0,"full_comm":"mpt_poll_0","cmdLine":""},{"pid":176,"ppid":2,"pgrp":0,"tpgid":-1,"session":0,"comm":"mpt/0","ruid":0,"full_comm":"mpt/0","cmdLine":""},{"pid":178,"ppid":2,"pgrp":0,"tpgid":-1,"session":0,"comm":"ata_sff","ruid":0,"full_comm":"ata_sff","cmdLine":""},{"pid":180,"ppid":2,"pgrp":0,"tpgid":-1,"session":0,"comm":"scsi_eh_0","ruid":0,"full_comm":"scsi_eh_0","cmdLine":""},{"pid":181,"ppid":2,"pgrp":0,"tpgid":-1,"session":0,"comm":"scsi_tmf_0","ruid":0,"full_comm":"scsi_tmf_0","cmdLine":""},{"pid":182,"ppid":2,"pgrp":0,"tpgid":-1,"session":0,"comm":"scsi_eh_1","ruid":0,"full_comm":"scsi_eh_1","cmdLine":""},{"pid":183,"ppid":2,"pgrp":0,"tpgid":-1,"session":0,"comm":"irq/16-vmwgfx","ruid":0,"full_comm":"irq/16-vmwgfx","cmdLine":""},{"pid":184,"ppid":2,"pgrp":0,"tpgid":-1,"session":0,"comm":"scsi_tmf_1","ruid":0,"full_comm":"scsi_tmf_1","cmdLine":""},{"pid":186,"ppid":2,"pgrp":0,"tpgid":-1,"session":0,"comm":"card0-crtc0","ruid":0,"full_comm":"card0-crtc0","cmdLine":""},{"pid":187,"ppid":2,"pgrp":0,"tpgid":-1,"session":0,"comm":"card0-crtc1","ruid":0,"full_comm":"card0-crtc1","cmdLine":""},{"pid":188,"ppid":2,"pgrp":0,"tpgid":-1,"session":0,"comm":"card0-crtc2","ruid":0,"full_comm":"card0-crtc2","cmdLine":""},{"pid":189,"ppid":2,"pgrp":0,"tpgid":-1,"session":0,"comm":"card0-crtc3","ruid":0,"full_comm":"card0-crtc3","cmdLine":""},{"pid":190,"ppid":2,"pgrp":0,"tpgid":-1,"session":0,"comm":"card0-crtc4","ruid":0,"full_comm":"card0-crtc4","cmdLine":""},{"pid":191,"ppid":2,"pgrp":0,"tpgid":-1,"session":0,"comm":"card0-crtc5","ruid":0,"full_comm":"card0-crtc5","cmdLine":""},{"pid":192,"ppid":2,"pgrp":0,"tpgid":-1,"session":0,"comm":"card0-crtc6","ruid":0,"full_comm":"card0-crtc6","cmdLine":""},{"pid":193,"ppid":2,"pgrp":0,"tpgid":-1,"session":0,"comm":"card0-crtc7","ruid":0,"full_comm":"card0-crtc7","cmdLine":""},{"pid":249,"ppid":2,"pgrp":0,"tpgid":-1,"session":0,"comm":"scsi_eh_2","ruid":0,"full_comm":"scsi_eh_2","cmdLine":""},{"pid":250,"ppid":2,"pgrp":0,"tpgid":-1,"session":0,"comm":"scsi_tmf_2","ruid":0,"full_comm":"scsi_tmf_2","cmdLine":""},{"pid":283,"ppid":2,"pgrp":0,"tpgid":-1,"session":0,"comm":"jbd2/sda1-8","ruid":0,"full_comm":"jbd2/sda1-8","cmdLine":""},{"pid":284,"ppid":2,"pgrp":0,"tpgid":-1,"session":0,"comm":"ext4-rsv-conver","ruid":0,"full_comm":"ext4-rsv-conver","cmdLine":""},{"pid":329,"ppid":1,"pgrp":329,"tpgid":-1,"session":329,"comm":"systemd-journal","ruid":0,"full_comm":"systemd-journal","cmdLine":"/lib/systemd/systemd-journald"},{"pid":356,"ppid":1,"pgrp":356,"tpgid":-1,"session":356,"comm":"vmware-vmblock-","ruid":0,"full_comm":"vmware-vmblock-","cmdLine":"vmware-vmblock-fuse /run/vmblock-fuse -o rw,subtype=vmware-vmblock,default_permissions,allow_other,dev,suid"},{"pid":379,"ppid":1,"pgrp":379,"tpgid":-1,"session":379,"comm":"vmhgfs-fuse","ruid":0,"full_comm":"vmhgfs-fuse","cmdLine":"vmhgfs-fuse .host:/ /mnt/hgfs -o rw,allow_other,dev,suid"},{"pid":395,"ppid":1,"pgrp":395,"tpgid":-1,"session":395,"comm":"systemd-udevd","ruid":0,"full_comm":"systemd-udevd","cmdLine":"/lib/systemd/systemd-udevd"},{"pid":500,"ppid":1,"pgrp":500,"tpgid":-1,"session":500,"comm":"systemd-timesyn","ruid":105,"full_comm":"systemd-timesyn","cmdLine":"/lib/systemd/systemd-timesyncd"},{"pid":502,"ppid":1,"pgrp":502,"tpgid":-1,"session":502,"comm":"VGAuthService","ruid":0,"full_comm":"VGAuthService","cmdLine":"/usr/bin/VGAuthService"},{"pid":504,"ppid":1,"pgrp":504,"tpgid":-1,"session":504,"comm":"vmtoolsd","ruid":0,"full_comm":"vmtoolsd","cmdLine":"/usr/bin/vmtoolsd"},{"pid":558,"ppid":1,"pgrp":558,"tpgid":-1,"session":558,"comm":"accounts-daemon","ruid":0,"full_comm":"accounts-daemon","cmdLine":"/usr/libexec/accounts-daemon"},{"pid":561,"ppid":1,"pgrp":561,"tpgid":-1,"session":561,"comm":"avahi-daemon","ruid":109,"full_comm":"avahi-daemon","cmdLine":"avahi-daemon: running [debian.local]"},{"pid":563,"ppid":1,"pgrp":563,"tpgid":-1,"session":563,"comm":"cron","ruid":0,"full_comm":"cron","cmdLine":"/usr/sbin/cron -f"},{"pid":565,"ppid":1,"pgrp":565,"tpgid":-1,"session":565,"comm":"dbus-daemon","ruid":104,"full_comm":"dbus-daemon","cmdLine":"/usr/bin/dbus-daemon --system --address=systemd: --nofork --nopidfile --systemd-activation --syslog-only"},{"pid":567,"ppid":1,"pgrp":567,"tpgid":-1,"session":567,"comm":"NetworkManager","ruid":0,"full_comm":"NetworkManager","cmdLine":"/usr/sbin/NetworkManager --no-daemon"},{"pid":569,"ppid":2,"pgrp":0,"tpgid":-1,"session":0,"comm":"cryptd","ruid":0,"full_comm":"cryptd","cmdLine":""},{"pid":598,"ppid":1,"pgrp":598,"tpgid":-1,"session":598,"comm":"polkitd","ruid":0,"full_comm":"polkitd","cmdLine":"/usr/libexec/polkitd --no-debug"},{"pid":599,"ppid":1,"pgrp":599,"tpgid":-1,"session":599,"comm":"rsyslogd","ruid":0,"full_comm":"rsyslogd","cmdLine":"/usr/sbin/rsyslogd -n -iNONE"},{"pid":600,"ppid":1,"pgrp":600,"tpgid":-1,"session":600,"comm":"snapd","ruid":0,"full_comm":"snapd","cmdLine":"/usr/lib/snapd/snapd"},{"pid":613,"ppid":1,"pgrp":613,"tpgid":-1,"session":613,"comm":"switcheroo-cont","ruid":0,"full_comm":"switcheroo-cont","cmdLine":"/usr/libexec/switcheroo-control"},{"pid":616,"ppid":1,"pgrp":616,"tpgid":-1,"session":616,"comm":"systemd-logind","ruid":0,"full_comm":"systemd-logind","cmdLine":"/lib/systemd/systemd-logind"},{"pid":618,"ppid":1,"pgrp":618,"tpgid":-1,"session":618,"comm":"udisksd","ruid":0,"full_comm":"udisksd","cmdLine":"/usr/libexec/udisks2/udisksd"},{"pid":620,"ppid":1,"pgrp":620,"tpgid":-1,"session":620,"comm":"wpa_supplicant","ruid":0,"full_comm":"wpa_supplicant","cmdLine":"/sbin/wpa_supplicant -u -s -O /run/wpa_supplicant"},{"pid":623,"ppid":561,"pgrp":561,"tpgid":-1,"session":561,"comm":"avahi-daemon","ruid":109,"full_comm":"avahi-daemon","cmdLine":"avahi-daemon: chroot helper"},{"pid":664,"ppid":1,"pgrp":664,"tpgid":-1,"session":664,"comm":"ModemManager","ruid":0,"full_comm":"ModemManager","cmdLine":"/usr/sbin/ModemManager"},{"pid":684,"ppid":1,"pgrp":684,"tpgid":-1,"session":684,"comm":"unattended-upgr","ruid":0,"full_comm":"unattended-upgr","cmdLine":"/usr/bin/python3 /usr/share/unattended-upgrades/unattended-upgrade-shutdown --wait-for-signal"},{"pid":693,"ppid":1,"pgrp":693,"tpgid":-1,"session":693,"comm":"sddm","ruid":0,"full_comm":"sddm","cmdLine":"/usr/bin/sddm"},{"pid":740,"ppid":1,"pgrp":740,"tpgid":-1,"session":740,"comm":"containerd","ruid":0,"full_comm":"containerd","cmdLine":"/usr/bin/containerd"},{"pid":871,"ppid":693,"pgrp":871,"tpgid":871,"session":871,"comm":"Xorg","ruid":0,"full_comm":"Xorg","cmdLine":"/usr/lib/xorg/Xorg -nolisten tcp -auth /var/run/sddm/{2aa80045-b90d-41e4-96cd-cd7b23cee74c} -background none -noreset -displayfd 17 -seat seat0 vt7"},{"pid":875,"ppid":2,"pgrp":0,"tpgid":-1,"session":0,"comm":"kworker/u257:2-hci0","ruid":0,"full_comm":"kworker/u257:2-hci0","cmdLine":""},{"pid":981,"ppid":1,"pgrp":981,"tpgid":-1,"session":981,"comm":"rtkit-daemon","ruid":107,"full_comm":"rtkit-daemon","cmdLine":"/usr/libexec/rtkit-daemon"},{"pid":1091,"ppid":1,"pgrp":1091,"tpgid":-1,"session":1091,"comm":"dockerd","ruid":0,"full_comm":"dockerd","cmdLine":"/usr/bin/dockerd -H fd:// --containerd=/run/containerd/containerd.sock"},{"pid":1120,"ppid":1,"pgrp":1120,"tpgid":-1,"session":1120,"comm":"upowerd","ruid":0,"full_comm":"upowerd","cmdLine":"/usr/libexec/upowerd"},{"pid":1321,"ppid":693,"pgrp":693,"tpgid":-1,"session":693,"comm":"sddm-helper","ruid":0,"full_comm":"sddm-helper","cmdLine":"/usr/lib/x86_64-linux-gnu/sddm/sddm-helper --socket /tmp/sddm-authafd89d8c-c6da-4a48-8cba-98d231ebb887 --id 1 --start /usr/bin/startplasma-x11 --user ursus"},{"pid":1323,"ppid":1,"pgrp":1323,"tpgid":-1,"session":1323,"comm":"systemd","ruid":1000,"full_comm":"systemd","exe":"/usr/lib/systemd/systemd","cmdLine":"/lib/systemd/systemd --user"},{"pid":1324,"ppid":1323,"pgrp":1323,"tpgid":-1,"session":1323,"comm":"(sd-pam)","ruid":1000,"full_comm":"(sd-pam)","cmdLine":"(sd-pam)"},{"pid":1338,"ppid":1323,"pgrp":1338,"tpgid":-1,"session":1338,"comm":"pipewire","ruid":1000,"full_comm":"pipewire","exe":"/usr/bin/pipewire","cmdLine":"/usr/bin/pipewire"},{"pid":1339,"ppid":1323,"pgrp":1339,"tpgid":-1,"session":1339,"comm":"pulseaudio","ruid":1000,"full_comm":"pulseaudio","exe":"/usr/bin/pulseaudio","cmdLine":"/usr/bin/pulseaudio --daemonize=no --log-target=journal"},{"pid":1342,"ppid":1323,"pgrp":1342,"tpgid":-1,"session":1342,"comm":"tracker-miner-f","ruid":1000,"full_comm":"tracker-miner-f","exe":"/usr/libexec/tracker-miner-fs","cmdLine":"/usr/libexec/tracker-miner-fs"},{"pid":1344,"ppid":1323,"pgrp":1344,"tpgid":-1,"session":1344,"comm":"gnome-keyring-d","ruid":1000,"full_comm":"gnome-keyring-d","exe":"/usr/bin/gnome-keyring-daemon","cmdLine":"/usr/bin/gnome-keyring-daemon --foreground --components=pkcs11,secrets --control-directory=/run/user/1000/keyring"},{"pid":1345,"ppid":1323,"pgrp":1345,"tpgid":-1,"session":1345,"comm":"dbus-daemon","ruid":1000,"full_comm":"dbus-daemon","exe":"/usr/bin/dbus-daemon","cmdLine":"/usr/bin/dbus-daemon --session --address=systemd: --nofork --nopidfile --systemd-activation --syslog-only"},{"pid":1348,"ppid":1338,"pgrp":1338,"tpgid":-1,"session":1338,"comm":"pipewire-media-","ruid":1000,"full_comm":"pipewire-media-","exe":"/usr/bin/pipewire-media-session","cmdLine":"/usr/bin/pipewire-media-session"},{"pid":1369,"ppid":1323,"pgrp":1369,"tpgid":-1,"session":1369,"comm":"gvfsd","ruid":1000,"full_comm":"gvfsd","exe":"/usr/libexec/gvfsd","cmdLine":"/usr/libexec/gvfsd"},{"pid":1372,"ppid":1,"pgrp":1371,"tpgid":-1,"session":1371,"comm":"kwalletd5","ruid":1000,"full_comm":"kwalletd5","exe":"/usr/bin/kwalletd5","cmdLine":"/usr/bin/kwalletd5 --pam-login 7 3"},{"pid":1373,"ppid":1321,"pgrp":693,"tpgid":-1,"session":693,"comm":"startplasma-x11","ruid":1000,"full_comm":"startplasma-x11","exe":"/usr/bin/startplasma-x11","cmdLine":"/usr/bin/startplasma-x11"},{"pid":1381,"ppid":1323,"pgrp":1369,"tpgid":-1,"session":1369,"comm":"gvfsd-fuse","ruid":1000,"full_comm":"gvfsd-fuse","exe":"/usr/libexec/gvfsd-fuse","cmdLine":"/usr/libexec/gvfsd-fuse /run/user/1000/gvfs -f"},{"pid":1390,"ppid":1339,"pgrp":1339,"tpgid":-1,"session":1339,"comm":"gsettings-helpe","ruid":1000,"full_comm":"gsettings-helpe","exe":"/usr/libexec/pulse/gsettings-helper","cmdLine":"/usr/libexec/pulse/gsettings-helper"},{"pid":1394,"ppid":1323,"pgrp":1394,"tpgid":-1,"session":1394,"comm":"gvfs-udisks2-vo","ruid":1000,"full_comm":"gvfs-udisks2-vo","exe":"/usr/libexec/gvfs-udisks2-volume-monitor","cmdLine":"/usr/libexec/gvfs-udisks2-volume-monitor"},{"pid":1416,"ppid":1323,"pgrp":1416,"tpgid":-1,"session":1416,"comm":"gvfs-afc-volume","ruid":1000,"full_comm":"gvfs-afc-volume","exe":"/usr/libexec/gvfs-afc-volume-monitor","cmdLine":"/usr/libexec/gvfs-afc-volume-monitor"},{"pid":1427,"ppid":1323,"pgrp":1427,"tpgid":-1,"session":1427,"comm":"gvfs-mtp-volume","ruid":1000,"full_comm":"gvfs-mtp-volume","exe":"/usr/libexec/gvfs-mtp-volume-monitor","cmdLine":"/usr/libexec/gvfs-mtp-volume-monitor"},{"pid":1443,"ppid":1323,"pgrp":1443,"tpgid":-1,"session":1443,"comm":"gvfs-goa-volume","ruid":1000,"full_comm":"gvfs-goa-volume","exe":"/usr/libexec/gvfs-goa-volume-monitor","cmdLine":"/usr/libexec/gvfs-goa-volume-monitor"},{"pid":1450,"ppid":1323,"pgrp":1345,"tpgid":-1,"session":1345,"comm":"goa-daemon","ruid":1000,"full_comm":"goa-daemon","exe":"/usr/libexec/goa-daemon","cmdLine":"/usr/libexec/goa-daemon"},{"pid":1469,"ppid":1323,"pgrp":1345,"tpgid":-1,"session":1345,"comm":"goa-identity-se","ruid":1000,"full_comm":"goa-identity-se","exe":"/usr/libexec/goa-identity-service","cmdLine":"/usr/libexec/goa-identity-service"},{"pid":1480,"ppid":1323,"pgrp":1480,"tpgid":-1,"session":1480,"comm":"gvfs-gphoto2-vo","ruid":1000,"full_comm":"gvfs-gphoto2-vo","exe":"/usr/libexec/gvfs-gphoto2-volume-monitor","cmdLine":"/usr/libexec/gvfs-gphoto2-volume-monitor"},{"pid":1484,"ppid":1373,"pgrp":1484,"tpgid":-1,"session":1484,"comm":"ssh-agent","ruid":1000,"full_comm":"ssh-agent","cmdLine":"/usr/bin/ssh-agent /usr/bin/im-launch /usr/bin/startplasma-x11"},{"pid":1505,"ppid":1,"pgrp":1505,"tpgid":-1,"session":1505,"comm":"ibus-daemon","ruid":1000,"full_comm":"ibus-daemon","exe":"/usr/bin/ibus-daemon","cmdLine":"/usr/bin/ibus-daemon --daemonize --xim"},{"pid":1513,"ppid":1505,"pgrp":1505,"tpgid":-1,"session":1505,"comm":"ibus-memconf","ruid":1000,"full_comm":"ibus-memconf","exe":"/usr/libexec/ibus-memconf","cmdLine":"/usr/libexec/ibus-memconf"},{"pid":1514,"ppid":1505,"pgrp":1505,"tpgid":-1,"session":1505,"comm":"ibus-ui-gtk3","ruid":1000,"full_comm":"ibus-ui-gtk3","exe":"/usr/libexec/ibus-ui-gtk3","cmdLine":"/usr/libexec/ibus-ui-gtk3"},{"pid":1515,"ppid":1505,"pgrp":1505,"tpgid":-1,"session":1505,"comm":"ibus-extension-","ruid":1000,"full_comm":"ibus-extension-","exe":"/usr/libexec/ibus-extension-gtk3","cmdLine":"/usr/libexec/ibus-extension-gtk3"},{"pid":1522,"ppid":1,"pgrp":1505,"tpgid":-1,"session":1505,"comm":"ibus-x11","ruid":1000,"full_comm":"ibus-x11","exe":"/usr/libexec/ibus-x11","cmdLine":"/usr/libexec/ibus-x11 --kill-daemon"},{"pid":1526,"ppid":1323,"pgrp":1345,"tpgid":-1,"session":1345,"comm":"ibus-portal","ruid":1000,"full_comm":"ibus-portal","exe":"/usr/libexec/ibus-portal","cmdLine":"/usr/libexec/ibus-portal"},{"pid":1575,"ppid":1323,"pgrp":1575,"tpgid":-1,"session":1575,"comm":"at-spi-bus-laun","ruid":1000,"full_comm":"at-spi-bus-laun","exe":"/usr/libexec/at-spi-bus-launcher","cmdLine":"/usr/libexec/at-spi-bus-launcher"},{"pid":1580,"ppid":1575,"pgrp":1575,"tpgid":-1,"session":1575,"comm":"dbus-daemon","ruid":1000,"full_comm":"dbus-daemon","exe":"/usr/bin/dbus-daemon","cmdLine":"/usr/bin/dbus-daemon --config-file=/usr/share/defaults/at-spi2/accessibility.conf --nofork --print-address 3"},{"pid":1591,"ppid":1323,"pgrp":1575,"tpgid":-1,"session":1575,"comm":"at-spi2-registr","ruid":1000,"full_comm":"at-spi2-registr","exe":"/usr/libexec/at-spi2-registryd","cmdLine":"/usr/libexec/at-spi2-registryd --use-gnome-session"},{"pid":1596,"ppid":1323,"pgrp":1596,"tpgid":-1,"session":1596,"comm":"xdg-desktop-por","ruid":1000,"full_comm":"xdg-desktop-por","exe":"/usr/libexec/xdg-desktop-portal","cmdLine":"/usr/libexec/xdg-desktop-portal"},{"pid":1602,"ppid":1,"pgrp":693,"tpgid":-1,"session":693,"comm":"start_kdeinit","ruid":1000,"full_comm":"start_kdeinit","cmdLine":"/usr/lib/x86_64-linux-gnu/libexec/kf5/start_kdeinit"},{"pid":1604,"ppid":1,"pgrp":1604,"tpgid":-1,"session":1604,"comm":"kdeinit5","ruid":1000,"full_comm":"kdeinit5","exe":"/usr/bin/kdeinit5","cmdLine":"kdeinit5: Running..."},{"pid":1607,"ppid":1323,"pgrp":1607,"tpgid":-1,"session":1607,"comm":"xdg-document-po","ruid":1000,"full_comm":"xdg-document-po","exe":"/usr/libexec/xdg-document-portal","cmdLine":"/usr/libexec/xdg-document-portal"},{"pid":1610,"ppid":1323,"pgrp":1610,"tpgid":-1,"session":1610,"comm":"xdg-permission-","ruid":1000,"full_comm":"xdg-permission-","exe":"/usr/libexec/xdg-permission-store","cmdLine":"/usr/libexec/xdg-permission-store"},{"pid":1615,"ppid":1607,"pgrp":1615,"tpgid":-1,"session":1615,"comm":"fusermount","ruid":0,"full_comm":"fusermount","cmdLine":"fusermount -o rw,nosuid,nodev,fsname=portal,auto_unmount,subtype=portal -- /run/user/1000/doc"},{"pid":1619,"ppid":1604,"pgrp":1604,"tpgid":-1,"session":1604,"comm":"klauncher","ruid":1000,"full_comm":"klauncher","exe":"/usr/lib/x86_64-linux-gnu/libexec/kf5/klauncher","cmdLine":"/usr/lib/x86_64-linux-gnu/libexec/kf5/klauncher --fd=9"},{"pid":1620,"ppid":1323,"pgrp":1620,"tpgid":-1,"session":1620,"comm":"xdg-desktop-por","ruid":1000,"full_comm":"xdg-desktop-por","exe":"/usr/libexec/xdg-desktop-portal-gtk","cmdLine":"/usr/libexec/xdg-desktop-portal-gtk"},{"pid":1643,"ppid":1323,"pgrp":1345,"tpgid":-1,"session":1345,"comm":"dconf-service","ruid":1000,"full_comm":"dconf-service","exe":"/usr/libexec/dconf-service","cmdLine":"/usr/libexec/dconf-service"},{"pid":1661,"ppid":1,"pgrp":1660,"tpgid":-1,"session":1660,"comm":"kded5","ruid":1000,"full_comm":"kded5","exe":"/usr/bin/kded5","cmdLine":"/usr/bin/kded5"},{"pid":1662,"ppid":1505,"pgrp":1505,"tpgid":-1,"session":1505,"comm":"ibus-engine-sim","ruid":1000,"full_comm":"ibus-engine-sim","exe":"/usr/libexec/ibus-engine-simple","cmdLine":"/usr/libexec/ibus-engine-simple"},{"pid":1668,"ppid":1,"pgrp":1667,"tpgid":-1,"session":1667,"comm":"kwin_x11","ruid":1000,"full_comm":"kwin_x11","exe":"/usr/bin/kwin_x11","cmdLine":"/usr/bin/kwin_x11"},{"pid":1681,"ppid":1323,"pgrp":1681,"tpgid":-1,"session":1681,"comm":"kglobalaccel5","ruid":1000,"full_comm":"kglobalaccel5","exe":"/usr/bin/kglobalaccel5","cmdLine":"/usr/bin/kglobalaccel5"},{"pid":1700,"ppid":1323,"pgrp":1345,"tpgid":-1,"session":1345,"comm":"kactivitymanage","ruid":1000,"full_comm":"kactivitymanage","exe":"/usr/lib/x86_64-linux-gnu/libexec/kactivitymanagerd","cmdLine":"/usr/lib/x86_64-linux-gnu/libexec/kactivitymanagerd"},{"pid":1709,"ppid":1,"pgrp":1707,"tpgid":-1,"session":1707,"comm":"xsettingsd","ruid":1000,"full_comm":"xsettingsd","exe":"/usr/bin/xsettingsd","cmdLine":"/usr/bin/xsettingsd"},{"pid":1720,"ppid":1,"pgrp":1719,"tpgid":-1,"session":1719,"comm":"ksmserver","ruid":1000,"full_comm":"ksmserver","exe":"/usr/bin/ksmserver","cmdLine":"/usr/bin/ksmserver"},{"pid":1728,"ppid":1,"pgrp":1727,"tpgid":-1,"session":1727,"comm":"xembedsniproxy","ruid":1000,"full_comm":"xembedsniproxy","exe":"/usr/bin/xembedsniproxy","cmdLine":"/usr/bin/xembedsniproxy"},{"pid":1733,"ppid":1,"pgrp":1732,"tpgid":-1,"session":1732,"comm":"kaccess","ruid":1000,"full_comm":"kaccess","exe":"/usr/bin/kaccess","cmdLine":"/usr/bin/kaccess"},{"pid":1737,"ppid":1,"pgrp":1735,"tpgid":-1,"session":1735,"comm":"plasmashell","ruid":1000,"full_comm":"plasmashell","exe":"/usr/bin/plasmashell","cmdLine":"/usr/bin/plasmashell"},{"pid":1739,"ppid":1,"pgrp":1738,"tpgid":-1,"session":1738,"comm":"polkit-kde-auth","ruid":1000,"full_comm":"polkit-kde-auth","cmdLine":"/usr/lib/x86_64-linux-gnu/libexec/polkit-kde-authentication-agent-1"},{"pid":1749,"ppid":1,"pgrp":1748,"tpgid":-1,"session":1748,"comm":"DiscoverNotifie","ruid":1000,"full_comm":"DiscoverNotifie","exe":"/usr/lib/x86_64-linux-gnu/libexec/DiscoverNotifier","cmdLine":"/usr/lib/x86_64-linux-gnu/libexec/DiscoverNotifier"},{"pid":1751,"ppid":1,"pgrp":1744,"tpgid":-1,"session":1744,"comm":"vmtoolsd","ruid":1000,"full_comm":"vmtoolsd","cmdLine":"/usr/bin/vmtoolsd -n vmusr --blockFd 3"},{"pid":1758,"ppid":1,"pgrp":1757,"tpgid":-1,"session":1757,"comm":"kdeconnectd","ruid":1000,"full_comm":"kdeconnectd","exe":"/usr/lib/x86_64-linux-gnu/libexec/kdeconnectd","cmdLine":"/usr/lib/x86_64-linux-gnu/libexec/kdeconnectd"},{"pid":1765,"ppid":1,"pgrp":1763,"tpgid":-1,"session":1763,"comm":"gmenudbusmenupr","ruid":1000,"full_comm":"gmenudbusmenupr","exe":"/usr/bin/gmenudbusmenuproxy","cmdLine":"/usr/bin/gmenudbusmenuproxy"},{"pid":1796,"ppid":1323,"pgrp":1796,"tpgid":-1,"session":1796,"comm":"obexd","ruid":1000,"full_comm":"obexd","exe":"/usr/libexec/bluetooth/obexd (deleted)","cmdLine":"/usr/libexec/bluetooth/obexd"},{"pid":1797,"ppid":1323,"pgrp":1345,"tpgid":-1,"session":1345,"comm":"kscreen_backend","ruid":1000,"full_comm":"kscreen_backend","exe":"/usr/lib/x86_64-linux-gnu/libexec/kf5/kscreen_backend_launcher","cmdLine":"/usr/lib/x86_64-linux-gnu/libexec/kf5/kscreen_backend_launcher"},{"pid":1802,"ppid":1,"pgrp":1802,"tpgid":-1,"session":1802,"comm":"packagekitd","ruid":0,"full_comm":"packagekitd","cmdLine":"/usr/libexec/packagekitd"},{"pid":1815,"ppid":1720,"pgrp":1719,"tpgid":-1,"session":1719,"comm":"korgac","ruid":1000,"full_comm":"korgac","exe":"/usr/bin/korgac","cmdLine":"/usr/bin/korgac -session 10c5d36269000167990004400000120210009_1688211047_230458"},{"pid":1846,"ppid":1720,"pgrp":1719,"tpgid":-1,"session":1719,"comm":"konsole","ruid":1000,"full_comm":"konsole","exe":"/usr/bin/konsole","cmdLine":"/usr/bin/konsole -session 10c5d36269000168579167000000016610019_1688211047_231448"},{"pid":1851,"ppid":1,"pgrp":1850,"tpgid":-1,"session":1850,"comm":"org_kde_powerde","ruid":1000,"full_comm":"org_kde_powerde","cmdLine":"/usr/lib/x86_64-linux-gnu/libexec/org_kde_powerdevil"},{"pid":1858,"ppid":1,"pgrp":1856,"tpgid":-1,"session":1856,"comm":"agent","ruid":1000,"full_comm":"agent","exe":"/usr/libexec/geoclue-2.0/demos/agent","cmdLine":"/usr/libexec/geoclue-2.0/demos/agent"},{"pid":1950,"ppid":1846,"pgrp":1950,"tpgid":1982,"session":1950,"comm":"bash","ruid":1000,"full_comm":"bash","exe":"/usr/bin/bash","cmdLine":"/bin/bash"},{"pid":1958,"ppid":1,"pgrp":1958,"tpgid":-1,"session":1958,"comm":"ssh-agent","ruid":1000,"full_comm":"ssh-agent","cmdLine":"ssh-agent"},{"pid":1982,"ppid":1950,"pgrp":1982,"tpgid":1982,"session":1950,"comm":"mc","ruid":1000,"full_comm":"mc","exe":"/usr/bin/mc","cmdLine":"mc"},{"pid":1984,"ppid":1982,"pgrp":1984,"tpgid":1984,"session":1984,"comm":"bash","ruid":1000,"full_comm":"bash","exe":"/usr/bin/bash","cmdLine":"bash -rcfile .bashrc"},{"pid":2648,"ppid":1604,"pgrp":1604,"tpgid":-1,"session":1604,"comm":"file.so","ruid":1000,"full_comm":"file.so","exe":"/usr/bin/kdeinit5","cmdLine":"file.so [kdeinit5] file local:/run/user/1000/klauncherpLmrHp.1.slave-socket local:/run/user/1000/kded5CGFJoE.1.slave-socket"},{"pid":2931,"ppid":1323,"pgrp":1345,"tpgid":-1,"session":1345,"comm":"krunner","ruid":1000,"full_comm":"krunner","exe":"/usr/bin/krunner","cmdLine":"/usr/bin/krunner"},{"pid":9699,"ppid":1323,"pgrp":9699,"tpgid":-1,"session":9699,"comm":"gvfsd-metadata","ruid":1000,"full_comm":"gvfsd-metadata","exe":"/usr/libexec/gvfsd-metadata","cmdLine":"/usr/libexec/gvfsd-metadata"},{"pid":10224,"ppid":1,"pgrp":10224,"tpgid":-1,"session":10224,"comm":"systemd-network","ruid":101,"full_comm":"systemd-network","cmdLine":"/lib/systemd/systemd-networkd"},{"pid":32592,"ppid":1,"pgrp":32520,"tpgid":-1,"session":32520,"comm":"sh","ruid":1000,"full_comm":"sh","exe":"/usr/bin/dash","cmdLine":"sh /home/ursus/.vscode-server/bin/0ee08df0cf4527e40edc9aa28f4b5bd38bbff2b2/bin/code-server --start-server --host=127.0.0.1 --accept-server-license-terms --enable-remote-auto-shutdown --port=0 --telemetry-level off --connection-token-file /home/ursus/.vscode-server/.0ee08df0cf4527e40edc9aa28f4b5bd38bbff2b2.token"},{"pid":32602,"ppid":32592,"pgrp":32520,"tpgid":-1,"session":32520,"comm":"node","ruid":1000,"full_comm":"node","exe":"/home/ursus/.vscode-server/bin/0ee08df0cf4527e40edc9aa28f4b5bd38bbff2b2/node","cmdLine":"/home/ursus/.vscode-server/bin/0ee08df0cf4527e40edc9aa28f4b5bd38bbff2b2/node /home/ursus/.vscode-server/bin/0ee08df0cf4527e40edc9aa28f4b5bd38bbff2b2/out/server-main.js --start-server --host=127.0.0.1 --accept-server-license-terms --enable-remote-auto-shutdown --port=0 --telemetry-level off --connection-token-file /home/ursus/.vscode-server/.0ee08df0cf4527e40edc9aa28f4b5bd38bbff2b2.token"},{"pid":32661,"ppid":32602,"pgrp":32520,"tpgid":-1,"session":32520,"comm":"node","ruid":1000,"full_comm":"node","exe":"/home/ursus/.vscode-server/bin/0ee08df0cf4527e40edc9aa28f4b5bd38bbff2b2/node","cmdLine":"/home/ursus/.vscode-server/bin/0ee08df0cf4527e40edc9aa28f4b5bd38bbff2b2/node /home/ursus/.vscode-server/bin/0ee08df0cf4527e40edc9aa28f4b5bd38bbff2b2/out/bootstrap-fork --type=ptyHost --logsPath /home/ursus/.vscode-server/data/logs/20231221T141110"},{"pid":36660,"ppid":32602,"pgrp":32520,"tpgid":-1,"session":32520,"comm":"node","ruid":1000,"full_comm":"node","exe":"/home/ursus/.vscode-server/bin/0ee08df0cf4527e40edc9aa28f4b5bd38bbff2b2/node","cmdLine":"/home/ursus/.vscode-server/bin/0ee08df0cf4527e40edc9aa28f4b5bd38bbff2b2/node /home/ursus/.vscode-server/bin/0ee08df0cf4527e40edc9aa28f4b5bd38bbff2b2/out/bootstrap-fork --type=fileWatcher"},{"pid":43670,"ppid":2,"pgrp":0,"tpgid":-1,"session":0,"comm":"kworker/2:1-cgroup_destroy","ruid":0,"full_comm":"kworker/2:1-cgroup_destroy","cmdLine":""},{"pid":44251,"ppid":1,"pgrp":44251,"tpgid":-1,"session":44251,"comm":"cupsd","ruid":0,"full_comm":"cupsd","cmdLine":"/usr/sbin/cupsd -l"},{"pid":44295,"ppid":1,"pgrp":44295,"tpgid":-1,"session":44295,"comm":"cups-browsed","ruid":0,"full_comm":"cups-browsed","cmdLine":"/usr/sbin/cups-browsed"},{"pid":44520,"ppid":1,"pgrp":44519,"tpgid":-1,"session":44519,"comm":"kio_http_cache_","ruid":1000,"full_comm":"kio_http_cache_","exe":"/usr/lib/x86_64-linux-gnu/libexec/kf5/kio_http_cache_cleaner","cmdLine":"/usr/lib/x86_64-linux-gnu/libexec/kf5/kio_http_cache_cleaner"},{"pid":45903,"ppid":1,"pgrp":45903,"tpgid":-1,"session":45903,"comm":"bluetoothd","ruid":0,"full_comm":"bluetoothd","cmdLine":"/usr/libexec/bluetooth/bluetoothd"},{"pid":46254,"ppid":1,"pgrp":46254,"tpgid":-1,"session":46254,"comm":"sshd","ruid":0,"full_comm":"sshd","cmdLine":"sshd: /usr/sbin/sshd -D [listener] 0 of 10-100 startups"},{"pid":46594,"ppid":46254,"pgrp":46594,"tpgid":-1,"session":46594,"comm":"sshd","ruid":0,"full_comm":"sshd","cmdLine":"sshd: ursus [priv]"},{"pid":46602,"ppid":46594,"pgrp":46594,"tpgid":-1,"session":46594,"comm":"sshd","ruid":1000,"full_comm":"sshd","cmdLine":"sshd: ursus@notty"},{"pid":46603,"ppid":46602,"pgrp":46603,"tpgid":-1,"session":46603,"comm":"bash","ruid":1000,"full_comm":"bash","exe":"/usr/bin/bash","cmdLine":"bash"},{"pid":46657,"ppid":32602,"pgrp":32520,"tpgid":-1,"session":32520,"comm":"node","ruid":1000,"full_comm":"node","exe":"/home/ursus/.vscode-server/bin/0ee08df0cf4527e40edc9aa28f4b5bd38bbff2b2/node","cmdLine":"/home/ursus/.vscode-server/bin/0ee08df0cf4527e40edc9aa28f4b5bd38bbff2b2/node --dns-result-order=ipv4first /home/ursus/.vscode-server/bin/0ee08df0cf4527e40edc9aa28f4b5bd38bbff2b2/out/bootstrap-fork --type=extensionHost --transformURIs --useHostProxy=false"},{"pid":46668,"ppid":32602,"pgrp":32520,"tpgid":-1,"session":32520,"comm":"node","ruid":1000,"full_comm":"node","exe":"/home/ursus/.vscode-server/bin/0ee08df0cf4527e40edc9aa28f4b5bd38bbff2b2/node","cmdLine":"/home/ursus/.vscode-server/bin/0ee08df0cf4527e40edc9aa28f4b5bd38bbff2b2/node /home/ursus/.vscode-server/bin/0ee08df0cf4527e40edc9aa28f4b5bd38bbff2b2/out/bootstrap-fork --type=fileWatcher"},{"pid":46704,"ppid":46657,"pgrp":32520,"tpgid":-1,"session":32520,"comm":"node","ruid":1000,"full_comm":"node","exe":"/home/ursus/.vscode-server/bin/0ee08df0cf4527e40edc9aa28f4b5bd38bbff2b2/node","cmdLine":"/home/ursus/.vscode-server/bin/0ee08df0cf4527e40edc9aa28f4b5bd38bbff2b2/node /home/ursus/.vscode-server/bin/0ee08df0cf4527e40edc9aa28f4b5bd38bbff2b2/extensions/json-language-features/server/dist/node/jsonServerMain --node-ipc --clientProcessId=46657"},{"pid":46711,"ppid":46657,"pgrp":32520,"tpgid":-1,"session":32520,"comm":"cpptools","ruid":1000,"full_comm":"cpptools","exe":"/home/ursus/.vscode-server/extensions/ms-vscode.cpptools-1.18.5-linux-x64/bin/cpptools","cmdLine":"/home/ursus/.vscode-server/extensions/ms-vscode.cpptools-1.18.5-linux-x64/bin/cpptools"},{"pid":46762,"ppid":46657,"pgrp":32520,"tpgid":-1,"session":32520,"comm":"dotnet","ruid":1000,"full_comm":"dotnet","exe":"/home/ursus/.vscode-server/data/User/globalStorage/ms-dotnettools.vscode-dotnet-runtime/.dotnet/6.0.25~x64/dotnet","cmdLine":"/home/ursus/.vscode-server/data/User/globalStorage/ms-dotnettools.vscode-dotnet-runtime/.dotnet/6.0.25~x64/dotnet /home/ursus/.vscode-server/extensions/josetr.cmake-language-support-vscode-0.0.9/LSP/CMake.LSP.dll --pipe=/run/user/1000/vscode-ipc-6cec857a2afee8b76e25aea75e2859286205656a35.sock"},{"pid":47002,"ppid":2,"pgrp":0,"tpgid":-1,"session":0,"comm":"kworker/3:2-events","ruid":0,"full_comm":"kworker/3:2-events","cmdLine":""},{"pid":47253,"ppid":1737,"pgrp":1735,"tpgid":-1,"session":1735,"comm":"doublecmd","ruid":1000,"full_comm":"doublecmd","exe":"/usr/lib/doublecmd/doublecmd","cmdLine":"/usr/bin/doublecmd"},{"pid":48349,"ppid":32661,"pgrp":48349,"tpgid":48349,"session":48349,"comm":"bash","ruid":1000,"full_comm":"bash","exe":"/usr/bin/bash","cmdLine":"/bin/bash"},{"pid":49171,"ppid":2,"pgrp":0,"tpgid":-1,"session":0,"comm":"kworker/0:3-events","ruid":0,"full_comm":"kworker/0:3-events","cmdLine":""},{"pid":49394,"ppid":2,"pgrp":0,"tpgid":-1,"session":0,"comm":"kworker/2:2-events_freezable","ruid":0,"full_comm":"kworker/2:2-events_freezable","cmdLine":""},{"pid":49799,"ppid":2,"pgrp":0,"tpgid":-1,"session":0,"comm":"kworker/u256:1-events_unbound","ruid":0,"full_comm":"kworker/u256:1-events_unbound","cmdLine":""},{"pid":50483,"ppid":2,"pgrp":0,"tpgid":-1,"session":0,"comm":"kworker/u256:0-flush-8:0","ruid":0,"full_comm":"kworker/u256:0-flush-8:0","cmdLine":""},{"pid":50662,"ppid":2,"pgrp":0,"tpgid":-1,"session":0,"comm":"kworker/u256:2-events_unbound","ruid":0,"full_comm":"kworker/u256:2-events_unbound","cmdLine":""},{"pid":50703,"ppid":2,"pgrp":0,"tpgid":-1,"session":0,"comm":"kworker/1:1-events","ruid":0,"full_comm":"kworker/1:1-events","cmdLine":""},{"pid":50724,"ppid":32661,"pgrp":50724,"tpgid":51939,"session":50724,"comm":"bash","ruid":1000,"full_comm":"bash","exe":"/usr/bin/bash","cmdLine":"/bin/bash"},{"pid":51103,"ppid":2,"pgrp":0,"tpgid":-1,"session":0,"comm":"kworker/3:3-events","ruid":0,"full_comm":"kworker/3:3-events","cmdLine":""},{"pid":51151,"ppid":2,"pgrp":0,"tpgid":-1,"session":0,"comm":"kworker/1:0-cgroup_destroy","ruid":0,"full_comm":"kworker/1:0-cgroup_destroy","cmdLine":""},{"pid":51490,"ppid":2,"pgrp":0,"tpgid":-1,"session":0,"comm":"kworker/0:0-ata_sff","ruid":0,"full_comm":"kworker/0:0-ata_sff","cmdLine":""},{"pid":51807,"ppid":2,"pgrp":0,"tpgid":-1,"session":0,"comm":"kworker/1:2-mm_percpu_wq","ruid":0,"full_comm":"kworker/1:2-mm_percpu_wq","cmdLine":""},{"pid":51823,"ppid":2,"pgrp":0,"tpgid":-1,"session":0,"comm":"kworker/0:1-ata_sff","ruid":0,"full_comm":"kworker/0:1-ata_sff","cmdLine":""},{"pid":51856,"ppid":46603,"pgrp":46603,"tpgid":-1,"session":46603,"comm":"sleep","ruid":1000,"full_comm":"sleep","exe":"/usr/bin/sleep","cmdLine":"sleep 180"},{"pid":51857,"ppid":2,"pgrp":0,"tpgid":-1,"session":0,"comm":"kworker/u256:3","ruid":0,"full_comm":"kworker/u256:3","cmdLine":""},{"pid":51858,"ppid":2,"pgrp":0,"tpgid":-1,"session":0,"comm":"kworker/1:3-events","ruid":0,"full_comm":"kworker/1:3-events","cmdLine":""},{"pid":51912,"ppid":1,"pgrp":32520,"tpgid":-1,"session":32520,"comm":"cpptools-srv","ruid":1000,"full_comm":"cpptools-srv","exe":"/home/ursus/.vscode-server/extensions/ms-vscode.cpptools-1.18.5-linux-x64/bin/cpptools-srv","cmdLine":"/home/ursus/.vscode-server/extensions/ms-vscode.cpptools-1.18.5-linux-x64/bin/cpptools-srv 46711 {02AF72E1-AC38-4BAC-A96B-56284C726802}"},{"pid":51924,"ppid":46657,"pgrp":32520,"tpgid":-1,"session":32520,"comm":"OpenDebugAD7","ruid":1000,"full_comm":"OpenDebugAD7","exe":"/home/ursus/.vscode-server/extensions/ms-vscode.cpptools-1.18.5-linux-x64/debugAdapters/bin/OpenDebugAD7","cmdLine":"/home/ursus/.vscode-server/extensions/ms-vscode.cpptools-1.18.5-linux-x64/debugAdapters/bin/OpenDebugAD7"},{"pid":51939,"ppid":50724,"pgrp":51939,"tpgid":51939,"session":50724,"comm":"sh","ruid":1000,"full_comm":"sh","exe":"/usr/bin/dash","cmdLine":"/bin/sh /tmp/Microsoft-MIEngine-Cmd-2xydziht.i35"},{"pid":51941,"ppid":51939,"pgrp":51941,"tpgid":51939,"session":50724,"comm":"gdb","ruid":1000,"full_comm":"gdb","exe":"/usr/bin/gdb","cmdLine":"/usr/bin/gdb --interpreter=mi --tty=/dev/pts/4"},{"pid":51951,"ppid":51941,"pgrp":51951,"tpgid":-1,"session":51951,"comm":"kexplorer-serve","ruid":1000,"full_comm":"kexplorer-serve","exe":"/home/ursus/Projects/KernelExplorer/kexplorer-server/build/src/kexplorer-server","cmdLine":"/home/ursus/Projects/KernelExplorer/kexplorer-server/build/src/kexplorer-server -a 192.168.190.128:6665 -v"}],"status":"success"}

[13:57:13.211 D] TcpServer: sent  42127 bytes
[13:57:13.243 E] TcpServer: read() failed: End of file
[13:57:13.244 D] TcpServer: session 0 destroyed
[13:57:13.245 I] RequestProcessor: session 0 finished
